                              Monthly Salary Report       /  /

    Employee Name              Monthly Take-Home Pay

00001 ADAMSON                  $ 2,831.66
00002 BAKER                    $ 3,547.91
00003 CARTWELL                 $ 7,087.50
00004 DORSEY                   $ 3,196.45
00005 HAMMOND                  $   709.58
00006 NOLTE                    $ 3,223.12
00007 REDFORD                  $ 3,420.66
00008 JOHNKE                   $ 3,899.37
00009 WHITE                    $ 4,167.20
00010 MARSHALL                 $   793.20
00011 EISEN                    $ 3,574.58
00012 SAGER                    $ 4,813.16
00013 STERN                    $ 4,839.83
00014 SUMMERS                  $ 4,764.68
00015 JONES                    $   383.12
00016 JOHNSON                  $ 7,430.83
00017 NOLAN                    $ 3,311.38
00018 CANTWELL                 $ 5,034.90
00019 SMITH                    $ 5,545.20
00020 HAMMEL                   $   739.58
