                      Payroll Listing            Page:  1   11/05/2022

 EMP#  Employee Name       Terr/Off    ANN SAL   SOC SEC Dep Job  U-Dues  Insur
 00001 ADAMSON              01 01       040000  145503242 01  02  150.00 675.00
 00002 BAKER                01 01       050000  019534250 02  01  275.50 800.50
 00003 CARTWELL             01 01       100000  127831459 05  02  170.50 975.25
 00004 DORSEY               01 01       045000  112805651 02  01  280.00 800.50
 00005 HAMMOND              01 02       050000  085129750 04  02  195.00 900.00
 00006 NOLTE                01 02       045000  125558325 04  02  135.00 900.25
 00007 REDFORD              01 02       048000  122575983 03  02  290.75 850.75
 00008 JOHNKE               02 01       055000  128532000 02  03  220.00 800.25
 00009 WHITE                02 01       059000  018974437 01  02  350.00 675.00
 00010 MARSHALL             02 01       053000  125802196 02  03  270.25 800.50
 00011 EISEN                02 01       050000  135801277 04  01  325.00 900.50
 00012 SAGER                02 02       068000  195530219 02  01  290.00 800.25
 00013 STERN               ************************* INVALID DATA **************
 00014 SUMMERS              02 02       067500  033995527 01  01  375.00 675.00
 00015 JONES                03 01       040000  011338772 09  03  210.00 995.75
 00016 JOHNSON              03 01       100000  145881477 02  03  225.25 800.75
 00017 NOLAN               ************************* INVALID DATA **************
 00018 CANTWELL             03 02       068250  181379550 01  02  255.50 675.25
 00019 SMITH                03 02       075000  011205030 03  01  110.00 850.50
 00020                     ************************* INVALID DATA **************
 00021 RAMIREZ              03 02       057043  031059090 06  35  136.29  55.33
 0002Z WASHINGTON          ************************* INVALID DATA **************
 00023 JAMES                03 03       045716  309324010 06  91   78.47  99.21
 00024 LYONS                04 01       065202  906420755 01  56  103.51  36.10
 00025 GREGORY              04 01       067190  535942032 05  07  219.13 108.36
 00026 LINCOLN              04 01       043262  018073522 04  59  163.07 110.69
 00027 NEWMAN               04 02       046531  042997804 02  45  124.22  56.00
 00028 CARTWELL             04 02       047082  353425077 01  68  221.89  87.75
 00029 DREYFUS              05 01       083108  193306341 06  32  132.63  44.39
 00030 LOPEZ                05 02       092018  037418802 03  14  156.22  93.23
 00031 FRANKLIN             05 02       044521  184110383 02  76   34.56 100.48
 00032 FORTE                05 02       043972  359062089 02  33  218.31  34.81
 00033 BYRON                05 02       055601  721080471 01  21  175.00 106.92
 00034 KEATS                05 03       043894  328514425 04  16  203.66  31.29
 00035 SOMTER               05 03       071613  205082155 06  35  214.92  55.63
 00036 PITERIS              06 04       045000  052879544 01  65  478.91 200.01
 00037 SIMOS                06 04       068900  069552548 05  56  888.45 712.31
                      Payroll Listing            Page:  2   11/05/2022

 EMP#  Employee Name       Terr/Off    ANN SAL   SOC SEC Dep Job  U-Dues  Insur
 00038 ASHLEY               06 04       075800  235781222 02  56  871.00 214.58
 00039 BUTTERFIELD          06 04       043200  005258777 03  69  855.82 147.00
 00040 CALIOPIS            ************************* INVALID DATA **************
 00041 DESEREY              06 02       085000  369552288 08  03  256.50 258.45
 00042 FIELDSON             07 01       052300  112205699 07  31  465.58 970.21
 00043 GALAGHER             07 08       089000  998802521 05  12  258.79 400.25
 00044 HOUSTONS             07 09       052000  068544213 06  45  687.11 124.55
 00045 JACKSON              07 02       087000  098825877 02  89  878.23 233.35
 00046 KENDERSON            07 02       036000  036665147 02  45  781.00 254.14
 00047 LIPSTERS             07 02       068500  002414447 01  12  354.55 688.81
 00048 MANATARIS            07 04       040000  069987442 03  02  541.23 698.74
 00049 NICHOLSON            08 05       055500  066552031 06  45  877.12 365.45
 00050 OBERTON              08 06       075000  011489945 06  45  687.12 300.21
 00051 PETERS               08 06       063000  023356478 08  23  568.71 124.50
 00052 ROBERTS              08 06       065200  458112200 07  12  554.54 235.89
 00053 SERGIS              ************************* INVALID DATA **************
 00054 TUCKERSON            08 01       065000  098214566 08  01  245.87   0.12
 00055 VRICOLICSON          08 02       050000  065233345 09  12   11.47 445.30
 00056 MACALUSO            ************************* INVALID DATA **************
 00057 KORNS                08 03       060000  566211140 09  78  902.23 545.55
 00058 OKINS                09 04       075600  654788800 05  78  978.00  21.45
 00059 FRIEDMAN             09 05       089500  987552201 01  45  678.78   1.21
 00060 SANTOS               09 05       047100  036985225 01  78  971.25 456.58
 00061 ANDOLINI             09 04       055300  023356664 02  12  456.54 787.01
 00062 RUTH                 09 08       050000  014788825 03  12  354.78   0.14
 00063 APPLESEED            09 03       090800  011124587 04  12  350.00 587.41
 00064 RIVERA               09 02       088623  099872233 05  78  945.12 333.60
 00065 RIVERSON             09 01       052900  068741147 06  78  925.14 220.20

       Total # Employees Listed:   65       Total Employee Data Errors:   7
